WARNING: We recommend using a newer Android Gradle plugin to use compileSdk = 36

This Android Gradle plugin (8.7.3) was tested up to compileSdk = 35.

You are strongly encouraged to update your project to use a newer
Android Gradle plugin that has been tested with compileSdk = 36.

If you are already using the latest version of the Android Gradle plugin,
you may need to wait until a newer version with support for compileSdk = 36 is available.

For more information refer to the compatibility table:
https://d.android.com/r/tools/api-level-support

To suppress this warning, add/update
    android.suppressUnsupportedCompileSdk=36
to this project's gradle.properties.
> Task :app:checkKotlinGradlePluginConfigurationErrors SKIPPED
> Task :app:preBuild UP-TO-DATE
> Task :app:preDebugBuild UP-TO-DATE
> Task :app:dataBindingMergeDependencyArtifactsDebug UP-TO-DATE
> Task :app:generateDebugResValues UP-TO-DATE
> Task :app:generateDebugResources UP-TO-DATE
> Task :app:mergeDebugResources UP-TO-DATE
> Task :app:packageDebugResources UP-TO-DATE
> Task :app:parseDebugLocalResources UP-TO-DATE
> Task :app:dataBindingGenBaseClassesDebug UP-TO-DATE
> Task :app:dataBindingTriggerDebug UP-TO-DATE
> Task :app:generateSafeArgsDebug UP-TO-DATE
> Task :app:checkDebugAarMetadata UP-TO-DATE
> Task :app:mapDebugSourceSetPaths UP-TO-DATE
> Task :app:createDebugCompatibleScreenManifests UP-TO-DATE
> Task :app:extractDeepLinksDebug UP-TO-DATE
> Task :app:processDebugMainManifest UP-TO-DATE
> Task :app:processDebugManifest UP-TO-DATE
> Task :app:processDebugManifestForPackage UP-TO-DATE
> Task :app:processDebugResources UP-TO-DATE
> Task :app:kspDebugKotlin UP-TO-DATE
> Task :app:kaptGenerateStubsDebugKotlin UP-TO-DATE
> Task :app:kaptDebugKotlin UP-TO-DATE

> Task :app:compileDebugKotlin
.\gradlew.bat : e: file
:///D:/Documents/Hustle
App/app/src/main/java/c
om/example/hustleapp/da
ta/repository/JobReposi
tory.kt:80:5 
Conflicting overloads:
At line:1 char:1
+ .\gradlew.bat 
compileDebugKotlin 
2>&1 | Out-File 
build_error3.txt -En 
...
+ ~~~~~~~~~~~~~~~~~~~~~
~~~~~~~~~~~~~~~~
    + CategoryInfo     
         : NotSpecifi  
  ed: (e: file:///D:   
 /D...ting overload    
s::String) [], Rem    
oteException
    + FullyQualifiedEr 
   rorId : NativeComm  
  andError
 
suspend fun updateAppli
cationStatus(applicatio
nId: Long, status: 
ApplicationStatus): 
Unit
e: file:///D:/Documents
/HustleApp/app/src/main
/java/com/example/hustl
eapp/data/repository/Jo
bRepository.kt:84:5 
Conflicting overloads:
suspend fun getApplicat
ionById(applicationId: 
Long): Application?
e: file:///D:/Documents
/HustleApp/app/src/main
/java/com/example/hustl
eapp/data/repository/Jo
bRepository.kt:117:5 
Conflicting overloads:
suspend fun getApplicat
ionById(applicationId: 
Long): Application?
e: file:///D:/Documents
/HustleApp/app/src/main
/java/com/example/hustl
eapp/data/repository/Jo
bRepository.kt:121:5 
Conflicting overloads:
suspend fun updateAppli
cationStatus(applicatio
nId: Long, status: 
ApplicationStatus): 
Unit
e: file:///D:/Documents
/HustleApp/app/src/main
/java/com/example/hustl
eapp/ui/hr/applicants/A
pplicantDetailFragment.
kt:69:49 Overload 
resolution ambiguity 
between candidates:
suspend fun getApplicat
ionById(applicationId: 
Long): Application?
suspend fun getApplicat
ionById(applicationId: 
Long): Application?
e: file:///D:/Documents
/HustleApp/app/src/main
/java/com/example/hustl
eapp/ui/hr/applicants/A
pplicantDetailFragment.
kt:72:17 Argument type 
mismatch: actual type 
is 'R?', but 'K' was 
expected.
e: file:///D:/Documents
/HustleApp/app/src/main
/java/com/example/hustl
eapp/ui/hr/applicants/A
pplicantDetailFragment.
kt:72:30 Cannot infer 
type for this 
parameter. Please 
specify it explicitly.
e: file:///D:/Documents
/HustleApp/app/src/main
/java/com/example/hustl
eapp/ui/hr/applicants/A
pplicantDetailFragment.
kt:72:30 Unresolved 
reference. None of the 
following candidates 
is applicable because 
of a receiver type 
mismatch:
fun <T, R> 
T.let(block: (T) -> 
R): R
    [R|Contract 
description]
     <
        
CallsInPlace(block, 
EXACTLY_ONCE)
    >
e: file:///D:/Documents
/HustleApp/app/src/main
/java/com/example/hustl
eapp/ui/hr/applicants/A
pplicantDetailFragment.
kt:72:36 Cannot infer 
type for this 
parameter. Please 
specify it explicitly.
e: file:///D:/Documents
/HustleApp/app/src/main
/java/com/example/hustl
eapp/ui/hr/applicants/A
pplicantDetailFragment.
kt:73:47 Suspension 
functions can only be 
called within 
coroutine body.
e: file:///D:/Documents
/HustleApp/app/src/main
/java/com/example/hustl
eapp/ui/hr/applicants/A
pplicantDetailFragment.
kt:73:63 Unresolved 
reference 
'applicantId'.
e: file:///D:/Documents
/HustleApp/app/src/main
/java/com/example/hustl
eapp/ui/hr/applicants/A
pplicantDetailFragment.
kt:74:45 Suspension 
functions can only be 
called within 
coroutine body.
e: file:///D:/Documents
/HustleApp/app/src/main
/java/com/example/hustl
eapp/ui/hr/applicants/A
pplicantDetailFragment.
kt:74:60 Unresolved 
reference 'jobId'.
e: file:///D:/Documents
/HustleApp/app/src/main
/java/com/example/hustl
eapp/ui/hr/applicants/A
pplicantDetailFragment.
kt:76:21 Suspension 
functions can only be 
called within 
coroutine body.
e: file:///D:/Documents
/HustleApp/app/src/main
/java/com/example/hustl
eapp/ui/hr/applicants/A
pplicantDetailFragment.
kt:80:44 Unresolved 
reference 'status'.
e: file:///D:/Documents
/HustleApp/app/src/main
/java/com/example/hustl
eapp/ui/hr/applicants/A
pplicantDetailFragment.
kt:84:17 Argument type 
mismatch: actual type 
is 'kotlin.Unit', but 
'K' was expected.
e: file:///D:/Documents
/HustleApp/app/src/main
/java/com/example/hustl
eapp/ui/hr/applicants/A
pplicantDetailFragment.
kt:94:31 Overload 
resolution ambiguity 
between candidates:
suspend fun updateAppli
cationStatus(applicatio
nId: Long, status: 
ApplicationStatus): 
Unit
suspend fun updateAppli
cationStatus(applicatio
nId: Long, status: 
ApplicationStatus): 
Unit

> Task :app:compileDebugKotlin FAILED

FAILURE: Build failed 
with an exception.

* What went wrong:
Execution failed for 
task ':app:compileDebug
Kotlin'.
> A failure occurred 
while executing org.jet
brains.kotlin.compilerR
unner.GradleCompilerRun
nerWithWorkers$GradleKo
tlinCompilerWorkAction
   > Compilation 
error. See log for 
more details

* Try:
> Run with 
--stacktrace option to 
get the stack trace.
> Run with --info or 
--debug option to get 
more log output.
> Run with --scan to 
get full insights.
> Get more help at http
s://help.gradle.org.

21 actionable tasks: 1 executed, 20 up-to-date
BUILD FAILED in 4s
